2026/05/13 11:22:58 fetched 234 products from PLCC
2026/05/13 11:22:58 found 145 distinct packages
{"packageName":"3scale-operator","valid":false,"reasons":["version \"2.x\" phase \"End of Life\": point-in-time (begin unset, end 2027-06-30) not aligned with first phase begin (2017-04-02)"]}
{"packageName":"amq-broker-rhel8","valid":false,"reasons":["package appears in multiple products"]}
{"packageName":"amq-broker-rhel9","valid":false,"reasons":["version \"7.x\" phase \"End of Life\": point-in-time (begin unset, end 2030-11-30) not aligned with first phase begin (2017-05-30)"]}
{"packageName":"amq-streams","valid":false,"reasons":["package appears in multiple products"]}
{"packageName":"amq-streams-console","valid":false,"reasons":["version \"1.x\" phase \"End of Life\": point-in-time (begin unset, end 2022-01-31) not aligned with first phase begin (2018-10-21)","version \"2.x\" phase \"End of Life\": point-in-time (begin unset, end 2026-10-31) not aligned with first phase begin (2022-01-13)","version \"3.x\" phase \"End of Life\": point-in-time (begin unset, end 2028-07-31) not aligned with first phase begin (2025-07-31)"]}
{"packageName":"amq-streams-proxy","valid":false,"reasons":["version \"1.x\" phase \"End of Life\": point-in-time (begin unset, end 2022-01-31) not aligned with first phase begin (2018-10-21)","version \"2.x\" phase \"End of Life\": point-in-time (begin unset, end 2026-10-31) not aligned with first phase begin (2022-01-13)","version \"3.x\" phase \"End of Life\": point-in-time (begin unset, end 2028-07-31) not aligned with first phase begin (2025-07-31)"]}
{"packageName":"amq7-interconnect-operator","valid":false,"reasons":["package appears in multiple products"]}
{"packageName":"apicast-operator","valid":false,"reasons":["version \"2.x\" phase \"End of Life\": point-in-time (begin unset, end 2027-06-30) not aligned with first phase begin (2017-04-02)"]}
{"packageName":"apicurio-registry-3","valid":false,"reasons":["version \"1.x\" phase \"End of Life\": point-in-time (begin unset, end 2021-12-31) not aligned with first phase begin (2020-07-01)","version \"2.6.x\" phase \"End of Life\": point-in-time (begin unset, end 2026-05-06) not aligned with first phase begin (2024-08-01)","version \"2.5.x\" phase \"End of Life\": point-in-time (begin unset, end 2025-02-03) not aligned with first phase begin (2023-12-14)","version \"2.4.x\" phase \"End of Life\": point-in-time (begin unset, end 2024-12-28) not aligned with first phase begin (2023-06-27)","version \"2.3.3\" phase \"End of Life\": point-in-time (begin unset, end 2024-03-24) not aligned with first phase begin (2023-03-23)","version \"2.3.0\" phase \"End of Life\": point-in-time (begin unset, end 2023-10-07) not aligned with first phase begin (2022-10-06)","version \"2.0\" phase \"End of Life\": point-in-time (begin unset, end 2023-07-31) not aligned with first phase begin (2021-06-30)","version \"3.0.x\" phase \"End of Life\": point-in-time (begin unset, end 2026-04-23) not aligned with first phase begin (2025-05-06)"]}
{"packageName":"authorino-operator","valid":false,"reasons":["version \"1.1\" phase \"Maintenance support\": point-in-time (begin 2025-10-02, end unset) not aligned with last phase end (2025-10-01)"]}
{"packageName":"aws-efs-csi-driver-operator","valid":false,"reasons":["version \"4.20\" phase \"Maintenance support\": begin (2026-05-03) must be one day after previous phase \"Full support\" end (2026-05-03)"]}
{"packageName":"aws-load-balancer-operator","valid":false,"reasons":["version \"1.0\": no phases","version \"1.1\": no phases","version \"1.2\": no phases"]}
{"packageName":"barbican-operator","valid":false,"reasons":["version name \"1.0.x\" is not MAJOR.MINOR"]}
{"packageName":"bare-metal-event-relay","valid":false,"reasons":["version \"4.14\" phase \"Maintenance support\": end (2024-10-01) is not after begin (2024-10-01)","version \"4.14\" phase \"Extended update support\": end (2024-10-01) is not after begin (2024-10-01)","version \"4.14\" phase \"Extended update support Term 2\": end (2024-10-01) is not after begin (2024-10-01)","version \"4.15\" phase \"Maintenance support\": end (2024-10-01) is not after begin (2024-10-01)","version \"4.16\" phase \"Maintenance support\": end (2024-10-01) is not after begin (2024-10-01)","version \"4.16\" phase \"Extended update support\": end (2024-10-01) is not after begin (2024-10-01)","version \"4.16\" phase \"Extended update support Term 2\": end (2024-10-01) is not after begin (2024-10-01)"]}
{"packageName":"cincinnati-operator","valid":false,"reasons":["version \"5.0\": no phases"]}
{"packageName":"cinder-operator","valid":false,"reasons":["version name \"1.0.x\" is not MAJOR.MINOR"]}
{"packageName":"cli-manager","valid":false,"reasons":["version name \"0.1 Tech Preview\" is not MAJOR.MINOR"]}
{"packageName":"cluster-kube-descheduler-operator","valid":false,"reasons":["version \"4.12\" phase \"General availability\": point-in-time (begin unset, end 2023-01-17) not aligned with first phase begin (2025-01-18)","version \"4.12\" phase \"Full support\": point-in-time (begin 2023-01-17, end unset) not aligned with last phase end (2026-01-17)","version \"4.12\" phase \"Maintenance support\": point-in-time (begin unset, end 2025-01-17) not aligned with first phase begin (2025-01-18)","version \"5.2\" phase \"Maintenance support\": point-in-time (begin unset, end 2027-04-21) not aligned with first phase begin (2025-06-17)"]}
{"packageName":"cluster-logging","valid":false,"reasons":["version \"6.3\" phase \"Maintenance support\": point-in-time (begin 2025-12-14, end unset) not aligned with last phase end (2025-12-13)"]}
{"packageName":"clusterresourceoverride","valid":false,"reasons":["version \"4.12\" phase \"Extended update support Term 3\": point-in-time (begin unset, end 2027-01-17) not aligned with first phase begin (2023-01-17)"]}
{"packageName":"compliance-operator","valid":false,"reasons":["version \"1.9\": no phases"]}
{"packageName":"container-security-operator","valid":false,"reasons":["version \"2.9\" phase \"Full support\": end (2019-04-03) is not after begin (2019-04-03)","version \"3.17\": no phases"]}
{"packageName":"cryostat-operator","valid":false,"reasons":["version \"4.1\": no phases"]}
{"packageName":"datagrid","valid":false,"reasons":["version name \"6.x\" is not MAJOR.MINOR"]}
{"packageName":"deployment-validation-operator","valid":false,"reasons":["version \"0.7\": no phases"]}
{"packageName":"designate-operator","valid":false,"reasons":["version name \"1.0.x\" is not MAJOR.MINOR"]}
{"packageName":"devspaces","valid":false,"reasons":["version \"1.0\" phase \"General availability\": end (2019-02-05) is not after begin (2019-02-05)","version \"1.1\" phase \"General availability\": end (2019-04-16) is not after begin (2019-04-16)","version \"1.2\" phase \"General availability\": end (2019-06-04) is not after begin (2019-06-04)","version \"3.26\": no phases","version \"3.27\": no phases"]}
{"packageName":"dns-operator","valid":false,"reasons":["version \"1.0\" phase \"Maintenance support\": point-in-time (begin 2025-05-27, end unset) not aligned with last phase end (2025-05-26)","version \"1.1\" phase \"Maintenance support\": point-in-time (begin 2025-10-02, end unset) not aligned with last phase end (2025-10-01)"]}
{"packageName":"eap","valid":false,"reasons":["version name \"5.x\" is not MAJOR.MINOR","version name \"6.x\" is not MAJOR.MINOR","version name \"7.x\" is not MAJOR.MINOR","version name \"8.x\" is not MAJOR.MINOR"]}
{"packageName":"elasticsearch-operator","valid":false,"reasons":["version name \"5.8 (For Tracing, service mesh and kiali)\" is not MAJOR.MINOR","version name \"5.8 (For logging)\" is not MAJOR.MINOR"]}
{"packageName":"external-dns-operator","valid":false,"reasons":["version \"1.1\": no phases","version \"1.2\": no phases","version \"1.3\": no phases"]}
{"packageName":"fence-agents-remediation","valid":false,"reasons":["version \"0.6\" phase \"Maintenance support\": point-in-time (begin unset, end 2027-04-21) not aligned with first phase begin (2025-09-16)","version \"0.6\" phase \"Maintenance support\": point-in-time (begin unset, end 2026-12-17) not aligned with first phase begin (2025-09-16)"]}
{"packageName":"file-integrity-operator","valid":false,"reasons":["version name \"1.3.8\" is not MAJOR.MINOR"]}
{"packageName":"gatekeeper-operator-product","valid":false,"reasons":["version \"3.14\" phase \"Maintenance support\": point-in-time (begin 2024-10-23, end unset) not aligned with last phase end (2024-10-22)"]}
{"packageName":"gcp-filestore-csi-driver-operator","valid":false,"reasons":["version \"4.15\": no phases","version \"4.20\" phase \"Maintenance support\": begin (2026-05-03) must be one day after previous phase \"Full support\" end (2026-05-03)"]}
{"packageName":"glance-operator","valid":false,"reasons":["version name \"1.0.x\" is not MAJOR.MINOR"]}
{"packageName":"heat-operator","valid":false,"reasons":["version name \"1.0.x\" is not MAJOR.MINOR"]}
{"packageName":"horizon-operator","valid":false,"reasons":["version name \"1.0.x\" is not MAJOR.MINOR"]}
{"packageName":"infra-operator","valid":false,"reasons":["version name \"1.0.x\" is not MAJOR.MINOR"]}
{"packageName":"ingress-node-firewall","valid":false,"reasons":["version \"4.20\" phase \"Maintenance support\": begin (2026-05-03) must be one day after previous phase \"Full support\" end (2026-05-03)"]}
{"packageName":"ironic-operator","valid":false,"reasons":["version name \"1.0.x\" is not MAJOR.MINOR"]}
{"packageName":"job-set","valid":false,"reasons":["version \"1.0\": no phases"]}
{"packageName":"jws-operator","valid":false,"reasons":["version name \"1.x\" is not MAJOR.MINOR","version name \"2.x\" is not MAJOR.MINOR","version name \"3.x\" is not MAJOR.MINOR","version name \"5.x\" is not MAJOR.MINOR","version name \"6.x\" is not MAJOR.MINOR"]}
{"packageName":"kernel-module-management","valid":false,"reasons":["version name \"1.0.1\" is not MAJOR.MINOR"]}
{"packageName":"keystone-operator","valid":false,"reasons":["version name \"1.0.x\" is not MAJOR.MINOR"]}
{"packageName":"kiali-ossm","valid":false,"reasons":["version \"1.24\": OCP compatibility \"4.6 EUS\" is not MAJOR.MINOR","version \"1.36\": OCP compatibility \"4.6 EUS\" is not MAJOR.MINOR"]}
{"packageName":"kubernetes-nmstate-operator","valid":false,"reasons":["version \"4.20\" phase \"Maintenance support\": begin (2026-05-03) must be one day after previous phase \"Full support\" end (2026-05-03)"]}
{"packageName":"kubevirt-hyperconverged","valid":false,"reasons":["version \"4.20\" phase \"Maintenance support\": begin (2026-05-03) must be one day after previous phase \"Full support\" end (2026-05-03)","version \"4.21\": no phases"]}
{"packageName":"kueue-operator","valid":false,"reasons":["version \"1.3\": no phases"]}
{"packageName":"leader-worker-set","valid":false,"reasons":["version \"1.0\": no phases"]}
{"packageName":"lifecycle-agent","valid":false,"reasons":["version \"4.18\" phase \"General availability\": point-in-time (begin unset, end 2025-02-25) not aligned with first phase begin (2025-09-18)","version \"4.18\" phase \"Full support\": point-in-time (begin 2025-02-25, end unset) not aligned with last phase end (2028-02-25)","version \"4.19\" phase \"General availability\": point-in-time (begin unset, end 2025-06-17) not aligned with first phase begin (2026-01-22)","version \"4.19\" phase \"Full support\": point-in-time (begin 2025-06-17, end unset) not aligned with last phase end (2026-12-17)","version \"4.20\" phase \"General availability\": point-in-time (begin unset, end 2025-10-21) not aligned with first phase begin (2027-04-22)","version \"4.20\" phase \"Full support\": point-in-time (begin 2025-10-21, end unset) not aligned with last phase end (2028-10-21)","version \"4.20\" phase \"Maintenance support\": point-in-time (begin unset, end 2027-04-21) not aligned with first phase begin (2027-04-22)"]}
{"packageName":"lightspeed-operator","valid":false,"reasons":["version \"1.0\": no phases"]}
{"packageName":"limitador-operator","valid":false,"reasons":["version \"1.0\" phase \"Maintenance support\": point-in-time (begin 2025-05-27, end unset) not aligned with last phase end (2025-05-26)","version \"1.1\" phase \"Maintenance support\": point-in-time (begin 2025-10-02, end unset) not aligned with last phase end (2025-10-01)"]}
{"packageName":"local-storage-operator","valid":false,"reasons":["version \"4.15\": no phases","version \"4.20\" phase \"Maintenance support\": begin (2026-05-03) must be one day after previous phase \"Full support\" end (2026-05-03)"]}
{"packageName":"logic-operator-rhel8","valid":false,"reasons":["version \"1.37\": no phases"]}
{"packageName":"loki-operator","valid":false,"reasons":["version \"6.3\" phase \"Maintenance support\": point-in-time (begin 2025-12-14, end unset) not aligned with last phase end (2025-12-13)"]}
{"packageName":"lvms-operator","valid":false,"reasons":["version \"4.20\" phase \"General availability\": point-in-time (begin unset, end 2025-10-31) not aligned with first phase begin (2027-04-22)","version \"4.20\" phase \"Full support\": point-in-time (begin 2025-10-31, end unset) not aligned with last phase end (2028-10-21)","version \"4.20\" phase \"Maintenance support\": point-in-time (begin unset, end 2027-04-21) not aligned with first phase begin (2027-04-22)"]}
{"packageName":"machine-deletion-remediation","valid":false,"reasons":["version \"0.5\" phase \"Maintenance support\": point-in-time (begin unset, end 2027-04-21) not aligned with first phase begin (2025-11-24)","version \"0.5\" phase \"Maintenance support\": point-in-time (begin unset, end 2026-12-17) not aligned with first phase begin (2025-11-24)"]}
{"packageName":"manila-operator","valid":false,"reasons":["version name \"1.0.x\" is not MAJOR.MINOR"]}
{"packageName":"mariadb-operator","valid":false,"reasons":["version name \"1.0.x\" is not MAJOR.MINOR"]}
{"packageName":"metallb-operator","valid":false,"reasons":["version \"4.20\" phase \"Maintenance support\": begin (2026-05-03) must be one day after previous phase \"Full support\" end (2026-05-03)","version \"4.21\": no phases"]}
{"packageName":"mta-operator","valid":false,"reasons":["version \"8.0\": no phases"]}
{"packageName":"mtc-operator","valid":false,"reasons":["version \"1.8\": no phases"]}
{"packageName":"mtv-operator","valid":false,"reasons":["version \"2.10\": no phases","version \"2.11\": no phases"]}
{"packageName":"multiarch-tuning-operator","valid":false,"reasons":["version \"1.3\": no phases"]}
{"packageName":"multicluster-engine","valid":false,"reasons":["version \"1.0\": no phases"]}
{"packageName":"multicluster-global-hub-operator","valid":false,"reasons":["version \"1.2\" phase \"End of Life\": point-in-time (begin unset, end 2026-01-16) not aligned with first phase begin (2024-07-18)","version \"1.3\" phase \"End of Life\": point-in-time (begin unset, end 2026-06-09) not aligned with first phase begin (2024-11-06)","version \"1.4\" phase \"End of Life\": point-in-time (begin unset, end 2026-09-18) not aligned with first phase begin (2025-03-20)","version \"1.5\" phase \"End of Life\": point-in-time (begin unset, end 2027-02-24) not aligned with first phase begin (2025-07-21)","version \"1.6\" phase \"End of Life\": point-in-time (begin unset, end 2027-07-07) not aligned with first phase begin (2025-12-04)","version \"1.7\" phase \"End of Life\": point-in-time (begin unset, end 2027-09-10) not aligned with first phase begin (2026-03-10)"]}
{"packageName":"neutron-operator","valid":false,"reasons":["version name \"1.0.x\" is not MAJOR.MINOR"]}
{"packageName":"nfd","valid":false,"reasons":["version \"4.12\" phase \"Extended update support Term 3\": point-in-time (begin unset, end 2027-01-17) not aligned with first phase begin (2023-01-17)","version \"4.14\" phase \"General availability\": point-in-time (begin unset, end 2023-10-31) not aligned with first phase begin (2024-05-28)","version \"4.14\" phase \"Full support\": point-in-time (begin 2023-10-31, end unset) not aligned with last phase end (2026-10-31)"]}
{"packageName":"node-healthcheck-operator","valid":false,"reasons":["version \"0.10\" phase \"Maintenance support\": point-in-time (begin unset, end 2027-04-21) not aligned with first phase begin (2025-09-16)","version \"0.10\" phase \"Maintenance support\": point-in-time (begin unset, end 2026-12-17) not aligned with first phase begin (2025-09-16)"]}
{"packageName":"node-maintenance-operator","valid":false,"reasons":["version \"5.5\" phase \"Maintenance support\": point-in-time (begin unset, end 2027-04-21) not aligned with first phase begin (2025-11-24)","version \"5.5\" phase \"Maintenance support\": point-in-time (begin unset, end 2026-12-17) not aligned with first phase begin (2025-11-24)"]}
{"packageName":"nova-operator","valid":false,"reasons":["version name \"1.0.x\" is not MAJOR.MINOR"]}
{"packageName":"numaresources-operator","valid":false,"reasons":["version \"4.20\" phase \"General availability\": point-in-time (begin unset, end 2025-10-21) not aligned with first phase begin (2027-04-22)","version \"4.20\" phase \"Full support\": point-in-time (begin 2025-10-21, end unset) not aligned with last phase end (2028-10-21)","version \"4.20\" phase \"Maintenance support\": point-in-time (begin unset, end 2027-04-21) not aligned with first phase begin (2027-04-22)"]}
{"packageName":"octavia-operator","valid":false,"reasons":["version name \"1.0.x\" is not MAJOR.MINOR"]}
{"packageName":"odf-operator","valid":false,"reasons":["version name \"4.10, 4.10 EUS\" is not MAJOR.MINOR","version name \"4.6 EUS\" is not MAJOR.MINOR","version name \"4.8, 4.8 EUS\" is not MAJOR.MINOR","version name \"4.12, 4.12 EUS\" is not MAJOR.MINOR"]}
{"packageName":"openshift-builds-operator","valid":false,"reasons":["version \"1.5\" phase \"Maintenance support\": point-in-time (begin 2025-11-11, end unset) not aligned with last phase end (2025-11-10)","version \"1.6\" phase \"Maintenance support\": point-in-time (begin 2026-03-11, end unset) not aligned with last phase end (2026-03-10)"]}
{"packageName":"openshift-cert-manager-operator","valid":false,"reasons":["version \"1.18\" phase \"Maintenance support\": point-in-time (begin 2026-05-21, end unset) not aligned with last phase end (2026-05-20)"]}
{"packageName":"openshift-custom-metrics-autoscaler-operator","valid":false,"reasons":["version name \"2.18.1\" is not MAJOR.MINOR","version name \"2.17.2\" is not MAJOR.MINOR","version name \"2.15.1\" is not MAJOR.MINOR","version name \"2.14.1\" is not MAJOR.MINOR","version name \"2.13.1\" is not MAJOR.MINOR","version name \"2.12.1\" is not MAJOR.MINOR","version name \"2.11.2\" is not MAJOR.MINOR","version name \"2.10.1\" is not MAJOR.MINOR"]}
{"packageName":"openshift-external-secrets-operator","valid":false,"reasons":["version \"1.0\" phase \"Maintenance support\": point-in-time (begin 2026-04-25, end unset) not aligned with last phase end (2026-04-24)"]}
{"packageName":"openshift-gitops-operator","valid":false,"reasons":["version \"1.17\" phase \"Maintenance support\": point-in-time (begin 2025-10-26, end unset) not aligned with last phase end (2025-10-25)","version \"1.18\" phase \"Maintenance support\": point-in-time (begin 2026-01-19, end unset) not aligned with last phase end (2026-01-18)","version \"1.19\" phase \"Maintenance support\": point-in-time (begin 2026-04-26, end unset) not aligned with last phase end (2026-04-25)"]}
{"packageName":"openshift-pipelines-operator-rh","valid":false,"reasons":["version \"1.21\" phase \"Maintenance support\": point-in-time (begin 2026-05-28, end unset) not aligned with last phase end (2026-05-27)"]}
{"packageName":"openshift-secondary-scheduler-operator","valid":false,"reasons":["version \"1.1\": no phases","version \"1.2\": no phases","version \"1.3\": no phases","version \"1.4\": no phases","version \"1.5\": no phases"]}
{"packageName":"openshift-zero-trust-workload-identity-manager","valid":false,"reasons":["version name \"1.0.0\" is not MAJOR.MINOR"]}
{"packageName":"openstack-ansibleee-operator","valid":false,"reasons":["version name \"1.0.x\" is not MAJOR.MINOR"]}
{"packageName":"openstack-baremetal-operator","valid":false,"reasons":["version name \"1.0.x\" is not MAJOR.MINOR"]}
{"packageName":"openstack-operator","valid":false,"reasons":["version name \"1.0.x\" is not MAJOR.MINOR"]}
{"packageName":"opentelemetry-product","valid":false,"reasons":["version name \"0.140.x\" is not MAJOR.MINOR","version name \"0.140.x\" is not MAJOR.MINOR","version name \"0.140.x\" is not MAJOR.MINOR","version name \"0.140.x\" is not MAJOR.MINOR","version name \"0.140.x\" is not MAJOR.MINOR","version name \"0.140.x\" is not MAJOR.MINOR","version name \"0.140.x\" is not MAJOR.MINOR"]}
{"packageName":"ovn-operator","valid":false,"reasons":["version name \"1.0.x\" is not MAJOR.MINOR"]}
{"packageName":"placement-operator","valid":false,"reasons":["version name \"1.0.z\" is not MAJOR.MINOR"]}
{"packageName":"ptp-operator","valid":false,"reasons":["version \"4.16\" phase \"General availability\": point-in-time (begin unset, end 2024-06-27) not aligned with first phase begin (2025-01-02)","version \"4.16\" phase \"Full support\": point-in-time (begin 2024-06-27, end unset) not aligned with last phase end (2027-06-27)","version \"4.17\" phase \"General availability\": point-in-time (begin unset, end 2024-10-01) not aligned with first phase begin (2025-05-26)","version \"4.17\" phase \"Full support\": point-in-time (begin 2024-10-01, end unset) not aligned with last phase end (2026-04-01)","version \"4.18\" phase \"General availability\": point-in-time (begin unset, end 2025-02-25) not aligned with first phase begin (2025-09-18)","version \"4.18\" phase \"Full support\": point-in-time (begin 2025-02-25, end unset) not aligned with last phase end (2028-02-25)","version \"4.19\" phase \"General availability\": point-in-time (begin unset, end 2025-06-17) not aligned with first phase begin (2026-01-22)","version \"4.19\" phase \"Full support\": point-in-time (begin 2025-06-17, end unset) not aligned with last phase end (2026-12-17)","version \"4.20\" phase \"General availability\": point-in-time (begin unset, end 2025-10-21) not aligned with first phase begin (2027-04-22)","version \"4.20\" phase \"Full support\": point-in-time (begin 2025-10-21, end unset) not aligned with last phase end (2028-10-21)","version \"4.20\" phase \"Maintenance support\": point-in-time (begin unset, end 2027-04-21) not aligned with first phase begin (2027-04-22)"]}
{"packageName":"quay-bridge-operator","valid":false,"reasons":["version \"2.9\" phase \"Full support\": end (2019-04-03) is not after begin (2019-04-03)","version \"3.17\": no phases"]}
{"packageName":"quay-operator","valid":false,"reasons":["version \"2.9\" phase \"Full support\": end (2019-04-03) is not after begin (2019-04-03)","version \"3.17\": no phases"]}
{"packageName":"redhat-oadp-operator","valid":false,"reasons":["version \"1.4\" phase \"Maintenance support\": point-in-time (begin 2025-06-18, end unset) not aligned with last phase end (2028-02-25)","version \"1.4\" phase \"Extended update support\": point-in-time (begin unset, end 2027-02-25) not aligned with first phase begin (2024-07-10)","version \"1.5\" phase \"General availability\": point-in-time (begin unset, end 2025-06-17) not aligned with first phase begin (2027-10-22)","version \"1.5\" phase \"Full support\": point-in-time (begin 2025-06-17, end unset) not aligned with last phase end (2028-10-21)","version \"1.5\" phase \"Extended update support\": point-in-time (begin unset, end 2027-10-21) not aligned with first phase begin (2027-10-22)"]}
{"packageName":"rhbk-operator","valid":false,"reasons":["version \"26.2\" phase \"Maintenance support\": point-in-time (begin 2025-10-31, end unset) not aligned with last phase end (2025-10-30)"]}
{"packageName":"rhcl-operator","valid":false,"reasons":["version \"1.0\" phase \"Maintenance support\": point-in-time (begin 2025-05-27, end unset) not aligned with last phase end (2025-05-26)","version \"1.1\" phase \"Maintenance support\": point-in-time (begin 2025-10-02, end unset) not aligned with last phase end (2025-10-01)"]}
{"packageName":"rhdh","valid":false,"reasons":["version \"1.9\": no phases"]}
{"packageName":"rhods-operator","valid":false,"reasons":["version name \"2.21*\" is not MAJOR.MINOR","version name \"Beta\" is not MAJOR.MINOR"]}
{"packageName":"rhsso-operator","valid":false,"reasons":["version \"7.6\" phase \"General availability\": end (2016-06-01) is not after begin (2016-06-01)"]}
{"packageName":"rhtas-operator","valid":false,"reasons":["version \"1.3\" phase \"Maintenance support\": point-in-time (begin 2026-04-16, end unset) not aligned with last phase end (2026-04-15)"]}
{"packageName":"run-once-duration-override-operator","valid":false,"reasons":["version \"1.0\": no phases","version \"1.1\": no phases","version \"1.2\": no phases","version \"1.3\": no phases"]}
{"packageName":"sandboxed-containers-operator","valid":false,"reasons":["package has no versions"]}
{"packageName":"secrets-store-csi-driver-operator","valid":false,"reasons":["version \"4.20\" phase \"Maintenance support\": begin (2026-05-03) must be one day after previous phase \"Full support\" end (2026-05-03)"]}
{"packageName":"security-profiles-operator","valid":false,"reasons":["version name \"0.10.0\" is not MAJOR.MINOR"]}
{"packageName":"self-node-remediation","valid":false,"reasons":["version \"0.11\" phase \"Maintenance support\": point-in-time (begin unset, end 2027-04-21) not aligned with first phase begin (2025-11-24)","version \"0.11\" phase \"Maintenance support\": point-in-time (begin unset, end 2026-12-17) not aligned with first phase begin (2025-11-24)"]}
{"packageName":"serverless-operator","valid":false,"reasons":["version \"1.37\": no phases"]}
{"packageName":"service-registry-operator","valid":false,"reasons":["version \"1.x\" phase \"End of Life\": point-in-time (begin unset, end 2021-12-31) not aligned with first phase begin (2020-07-01)","version \"2.6.x\" phase \"End of Life\": point-in-time (begin unset, end 2026-05-06) not aligned with first phase begin (2024-08-01)","version \"2.5.x\" phase \"End of Life\": point-in-time (begin unset, end 2025-02-03) not aligned with first phase begin (2023-12-14)","version \"2.4.x\" phase \"End of Life\": point-in-time (begin unset, end 2024-12-28) not aligned with first phase begin (2023-06-27)","version \"2.3.3\" phase \"End of Life\": point-in-time (begin unset, end 2024-03-24) not aligned with first phase begin (2023-03-23)","version \"2.3.0\" phase \"End of Life\": point-in-time (begin unset, end 2023-10-07) not aligned with first phase begin (2022-10-06)","version \"2.0\" phase \"End of Life\": point-in-time (begin unset, end 2023-07-31) not aligned with first phase begin (2021-06-30)","version \"3.0.x\" phase \"End of Life\": point-in-time (begin unset, end 2026-04-23) not aligned with first phase begin (2025-05-06)"]}
{"packageName":"service-telemetry-operator","valid":false,"reasons":["version name \"1.5.x\" is not MAJOR.MINOR","version name \"1.5.x\" is not MAJOR.MINOR","version name \"1.5.x\" is not MAJOR.MINOR","version name \"1.5.x\" is not MAJOR.MINOR","version name \"1.5.x\" is not MAJOR.MINOR"]}
{"packageName":"servicemeshoperator","valid":false,"reasons":["version \"2.0\": OCP compatibility \"4.6 EUS\" is not MAJOR.MINOR","version \"2.1\": OCP compatibility \"4.6 EUS\" is not MAJOR.MINOR"]}
{"packageName":"skupper-netobs-operator","valid":false,"reasons":["version name \"1.9.x\" is not MAJOR.MINOR","version name \"1.8.x\" is not MAJOR.MINOR","version name \"1.5.x\" is not MAJOR.MINOR","version name \"1.4.x\" is not MAJOR.MINOR","version name \"2.1.x\" is not MAJOR.MINOR","version name \"2.0.x\" is not MAJOR.MINOR"]}
{"packageName":"skupper-operator","valid":false,"reasons":["package appears in multiple products"]}
{"packageName":"smart-gateway-operator","valid":false,"reasons":["version name \"5.0.x\" is not MAJOR.MINOR","version name \"5.0.x\" is not MAJOR.MINOR","version name \"5.0.x\" is not MAJOR.MINOR","version name \"5.0.x\" is not MAJOR.MINOR","version name \"5.0.x\" is not MAJOR.MINOR"]}
{"packageName":"smb-csi-driver-operator","valid":false,"reasons":["version \"4.20\" phase \"Maintenance support\": begin (2026-05-03) must be one day after previous phase \"Full support\" end (2026-05-03)"]}
{"packageName":"sriov-network-operator","valid":false,"reasons":["version \"4.20\" phase \"Maintenance support\": begin (2026-05-03) must be one day after previous phase \"Full support\" end (2026-05-03)"]}
{"packageName":"submariner","valid":false,"reasons":["version \"0.22\" phase \"General availability\": point-in-time (begin unset, end 2025-12-04) not aligned with first phase begin (2025-12-03)"]}
{"packageName":"swift-operator","valid":false,"reasons":["version name \"1.0.x\" is not MAJOR.MINOR"]}
{"packageName":"telemetry-operator","valid":false,"reasons":["version name \"1.0.x\" is not MAJOR.MINOR"]}
{"packageName":"test-operator","valid":false,"reasons":["version name \"1.0.x\" is not MAJOR.MINOR"]}
{"packageName":"topology-aware-lifecycle-manager","valid":false,"reasons":["version \"4.16\" phase \"General availability\": point-in-time (begin unset, end 2024-06-27) not aligned with first phase begin (2025-01-02)","version \"4.16\" phase \"Full support\": point-in-time (begin 2024-06-27, end unset) not aligned with last phase end (2027-06-27)","version \"4.17\" phase \"General availability\": point-in-time (begin unset, end 2024-10-01) not aligned with first phase begin (2025-05-26)","version \"4.17\" phase \"Full support\": point-in-time (begin 2024-10-01, end unset) not aligned with last phase end (2026-04-01)","version \"4.18\" phase \"General availability\": point-in-time (begin unset, end 2025-02-25) not aligned with first phase begin (2025-09-18)","version \"4.18\" phase \"Full support\": point-in-time (begin 2025-02-25, end unset) not aligned with last phase end (2028-02-25)","version \"4.19\" phase \"General availability\": point-in-time (begin unset, end 2025-06-17) not aligned with first phase begin (2026-01-22)","version \"4.19\" phase \"Full support\": point-in-time (begin 2025-06-17, end unset) not aligned with last phase end (2026-12-17)","version \"4.20\" phase \"General availability\": point-in-time (begin unset, end 2025-10-21) not aligned with first phase begin (2027-04-22)","version \"4.20\" phase \"Full support\": point-in-time (begin 2025-10-21, end unset) not aligned with last phase end (2028-10-21)","version \"4.20\" phase \"Maintenance support\": point-in-time (begin unset, end 2027-04-21) not aligned with first phase begin (2027-04-22)"]}
{"packageName":"trustee-operator","valid":false,"reasons":["package has no versions"]}
{"packageName":"vertical-pod-autoscaler","valid":false,"reasons":["version \"4.20\" phase \"Maintenance support\": begin (2026-05-03) must be one day after previous phase \"Full support\" end (2026-05-03)"]}
{"packageName":"volsync-product","valid":false,"reasons":["version \"0.10\": no phases","version \"0.11\": no phases","version \"0.12\": no phases","version \"0.13\": no phases","version \"0.14\": no phases","version \"0.15\": no phases"]}
{"packageName":"watcher-operator","valid":false,"reasons":["version name \"1.0.x\" is not MAJOR.MINOR"]}
{"packageName":"web-terminal","valid":false,"reasons":["version \"1.15\" phase \"Maintenance support\": point-in-time (begin unset, end 2027-04-21) not aligned with first phase begin (2025-11-27)"]}
{"packageName":"windows-machine-config-operator","valid":false,"reasons":["version \"1\" phase \"Maintenance support\": point-in-time (begin 2021-03-03, end unset) not aligned with last phase end (2021-03-02)","version \"6.x\" phase \"Maintenance support\": point-in-time (begin 2023-01-31, end unset) not aligned with last phase end (2023-01-30)","version \"7.x\" phase \"Maintenance support\": point-in-time (begin 2023-05-11, end unset) not aligned with last phase end (2023-05-10)","version \"8.x\" phase \"Maintenance support\": point-in-time (begin 2023-11-01, end unset) not aligned with last phase end (2023-10-31)","version \"2\" phase \"Maintenance support\": point-in-time (begin 2021-08-05, end unset) not aligned with last phase end (2021-08-04)","version \"5\" phase \"Maintenance support\": point-in-time (begin 2022-08-24, end unset) not aligned with last phase end (2022-08-23)"]}
2026/05/13 11:22:58 wrote 17 FBC blobs
